生成启动时间为 2018/12/24 10:22:15。
     1>项目“C:\Users\渣子\Documents\Visual Studio 2010\Projects\61\61\61.vcxproj”在节点 2 上(build 个目标)。
     1>PrepareForBuild:
         正在创建目录“C:\Users\渣子\Documents\Visual Studio 2010\Projects\61\Debug\”。
       InitializeBuildStatus:
         正在创建“Debug\61.unsuccessfulbuild”，因为已指定“AlwaysCreate”。
       ClCompile:
         C:\Program Files (x86)\Microsoft Visual Studio 10.0\VC\bin\CL.exe /c /ZI /nologo /W3 /WX- /Od /Oy- /D WIN32 /D _DEBUG /D _CONSOLE /D _UNICODE /D UNICODE /Gm /EHsc /RTC1 /MDd /GS /fp:precise /Zc:wchar_t /Zc:forScope /Fo"Debug\\" /Fd"Debug\vc100.pdb" /Gd /TC /analyze- /errorReport:prompt jisuan.c
         jisuan.c
     1>c:\users\渣子\documents\visual studio 2010\projects\61\61\jisuan.c(6): warning C4996: 'scanf': This function or variable may be unsafe. Consider using scanf_s instead. To disable deprecation, use _CRT_SECURE_NO_WARNINGS. See online help for details.
                 c:\program files (x86)\microsoft visual studio 10.0\vc\include\stdio.h(304) : 参见“scanf”的声明
       ManifestResourceCompile:
         C:\Program Files (x86)\Microsoft SDKs\Windows\v7.0A\bin\rc.exe /nologo /fo"Debug\61.exe.embed.manifest.res" Debug\61_manifest.rc 
       Link:
         C:\Program Files (x86)\Microsoft Visual Studio 10.0\VC\bin\link.exe /ERRORREPORT:PROMPT /OUT:"C:\Users\渣子\Documents\Visual Studio 2010\Projects\61\Debug\61.exe" /INCREMENTAL /NOLOGO kernel32.lib user32.lib gdi32.lib winspool.lib comdlg32.lib advapi32.lib shell32.lib ole32.lib oleaut32.lib uuid.lib odbc32.lib odbccp32.lib /MANIFEST /ManifestFile:"Debug\61.exe.intermediate.manifest" /MANIFESTUAC:"level='asInvoker' uiAccess='false'" /DEBUG /PDB:"C:\Users\渣子\Documents\Visual Studio 2010\Projects\61\Debug\61.pdb" /SUBSYSTEM:CONSOLE /TLBID:1 /DYNAMICBASE /NXCOMPAT /IMPLIB:"C:\Users\渣子\Documents\Visual Studio 2010\Projects\61\Debug\61.lib" /MACHINE:X86 Debug\61.exe.embed.manifest.res
         Debug\jisuan.obj
       Manifest:
         C:\Program Files (x86)\Microsoft SDKs\Windows\v7.0A\bin\mt.exe /nologo /verbose /out:"Debug\61.exe.embed.manifest" /manifest Debug\61.exe.intermediate.manifest
         C:\Program Files (x86)\Microsoft SDKs\Windows\v7.0A\bin\rc.exe /nologo /fo"Debug\61.exe.embed.manifest.res" Debug\61_manifest.rc 
       LinkEmbedManifest:
         C:\Program Files (x86)\Microsoft Visual Studio 10.0\VC\bin\link.exe /ERRORREPORT:PROMPT /OUT:"C:\Users\渣子\Documents\Visual Studio 2010\Projects\61\Debug\61.exe" /INCREMENTAL /NOLOGO kernel32.lib user32.lib gdi32.lib winspool.lib comdlg32.lib advapi32.lib shell32.lib ole32.lib oleaut32.lib uuid.lib odbc32.lib odbccp32.lib /MANIFEST /ManifestFile:"Debug\61.exe.intermediate.manifest" /MANIFESTUAC:"level='asInvoker' uiAccess='false'" /DEBUG /PDB:"C:\Users\渣子\Documents\Visual Studio 2010\Projects\61\Debug\61.pdb" /SUBSYSTEM:CONSOLE /TLBID:1 /DYNAMICBASE /NXCOMPAT /IMPLIB:"C:\Users\渣子\Documents\Visual Studio 2010\Projects\61\Debug\61.lib" /MACHINE:X86 Debug\61.exe.embed.manifest.res
         Debug\jisuan.obj
         61.vcxproj -> C:\Users\渣子\Documents\Visual Studio 2010\Projects\61\Debug\61.exe
       FinalizeBuildStatus:
         正在删除文件“Debug\61.unsuccessfulbuild”。
         正在对“Debug\61.lastbuildstate”执行 Touch 任务。
     1>已完成生成项目“C:\Users\渣子\Documents\Visual Studio 2010\Projects\61\61\61.vcxproj”(build 个目标)的操作。

生成成功。

已用时间 00:00:03.50
