生成启动时间为 2018/10/11 15:08:38。
     1>项目“c:\Users\渣子\documents\visual studio 2010\Projects\渣渣\渣渣\渣渣.vcxproj”在节点 2 上(build 个目标)。
     1>PrepareForBuild:
         正在创建目录“c:\users\渣子\documents\visual studio 2010\Projects\渣渣\Debug\”。
       InitializeBuildStatus:
         正在创建“Debug\渣渣.unsuccessfulbuild”，因为已指定“AlwaysCreate”。
       ClCompile:
         C:\Program Files (x86)\Microsoft Visual Studio 10.0\VC\bin\CL.exe /c /ZI /nologo /W3 /WX- /Od /Oy- /D WIN32 /D _DEBUG /D _CONSOLE /D _UNICODE /D UNICODE /Gm /EHsc /RTC1 /MDd /GS /fp:precise /Zc:wchar_t /Zc:forScope /Yc"StdAfx.h" /Fp"Debug\渣渣.pch" /Fo"Debug\\" /Fd"Debug\vc100.pdb" /Gd /TP /analyze- /errorReport:prompt stdafx.cpp
         stdafx.cpp
         C:\Program Files (x86)\Microsoft Visual Studio 10.0\VC\bin\CL.exe /c /ZI /nologo /W3 /WX- /Od /Oy- /D WIN32 /D _DEBUG /D _CONSOLE /D _UNICODE /D UNICODE /Gm /EHsc /RTC1 /MDd /GS /fp:precise /Zc:wchar_t /Zc:forScope /Yu"StdAfx.h" /Fp"Debug\渣渣.pch" /Fo"Debug\\" /Fd"Debug\vc100.pdb" /Gd /TP /analyze- /errorReport:prompt "渣渣.cpp"
         渣渣.cpp
       ManifestResourceCompile:
         C:\Program Files (x86)\Microsoft SDKs\Windows\v7.0A\bin\rc.exe /nologo /fo"Debug\渣渣.exe.embed.manifest.res" "Debug\渣渣_manifest.rc" 
       Link:
         C:\Program Files (x86)\Microsoft Visual Studio 10.0\VC\bin\link.exe /ERRORREPORT:PROMPT /OUT:"c:\users\渣子\documents\visual studio 2010\Projects\渣渣\Debug\渣渣.exe" /INCREMENTAL /NOLOGO kernel32.lib user32.lib gdi32.lib winspool.lib comdlg32.lib advapi32.lib shell32.lib ole32.lib oleaut32.lib uuid.lib odbc32.lib odbccp32.lib /MANIFEST /ManifestFile:"Debug\渣渣.exe.intermediate.manifest" /MANIFESTUAC:"level='asInvoker' uiAccess='false'" /DEBUG /PDB:"c:\users\渣子\documents\visual studio 2010\Projects\渣渣\Debug\渣渣.pdb" /SUBSYSTEM:CONSOLE /TLBID:1 /DYNAMICBASE /NXCOMPAT /IMPLIB:"c:\users\渣子\documents\visual studio 2010\Projects\渣渣\Debug\渣渣.lib" /MACHINE:X86 "Debug\渣渣.exe.embed.manifest.res"
         Debug\stdafx.obj
         "Debug\渣渣.obj"
       Manifest:
         C:\Program Files (x86)\Microsoft SDKs\Windows\v7.0A\bin\mt.exe /nologo /verbose /out:"Debug\渣渣.exe.embed.manifest" /manifest "Debug\渣渣.exe.intermediate.manifest"
         C:\Program Files (x86)\Microsoft SDKs\Windows\v7.0A\bin\rc.exe /nologo /fo"Debug\渣渣.exe.embed.manifest.res" "Debug\渣渣_manifest.rc" 
       LinkEmbedManifest:
         C:\Program Files (x86)\Microsoft Visual Studio 10.0\VC\bin\link.exe /ERRORREPORT:PROMPT /OUT:"c:\users\渣子\documents\visual studio 2010\Projects\渣渣\Debug\渣渣.exe" /INCREMENTAL /NOLOGO kernel32.lib user32.lib gdi32.lib winspool.lib comdlg32.lib advapi32.lib shell32.lib ole32.lib oleaut32.lib uuid.lib odbc32.lib odbccp32.lib /MANIFEST /ManifestFile:"Debug\渣渣.exe.intermediate.manifest" /MANIFESTUAC:"level='asInvoker' uiAccess='false'" /DEBUG /PDB:"c:\users\渣子\documents\visual studio 2010\Projects\渣渣\Debug\渣渣.pdb" /SUBSYSTEM:CONSOLE /TLBID:1 /DYNAMICBASE /NXCOMPAT /IMPLIB:"c:\users\渣子\documents\visual studio 2010\Projects\渣渣\Debug\渣渣.lib" /MACHINE:X86 "Debug\渣渣.exe.embed.manifest.res"
         Debug\stdafx.obj
         "Debug\渣渣.obj"
         渣渣.vcxproj -> c:\users\渣子\documents\visual studio 2010\Projects\渣渣\Debug\渣渣.exe
       FinalizeBuildStatus:
         正在删除文件“Debug\渣渣.unsuccessfulbuild”。
         正在对“Debug\渣渣.lastbuildstate”执行 Touch 任务。
     1>已完成生成项目“c:\Users\渣子\documents\visual studio 2010\Projects\渣渣\渣渣\渣渣.vcxproj”(build 个目标)的操作。

生成成功。

已用时间 00:00:04.87
