生成启动时间为 2019/1/2 21:33:23。
     1>项目“C:\Users\渣子\Documents\Visual Studio 2010\Projects\78\78\78.vcxproj”在节点 2 上(build 个目标)。
     1>InitializeBuildStatus:
         正在创建“Debug\78.unsuccessfulbuild”，因为已指定“AlwaysCreate”。
       ClCompile:
         C:\Program Files (x86)\Microsoft Visual Studio 10.0\VC\bin\CL.exe /c /ZI /nologo /W3 /WX- /Od /Oy- /D WIN32 /D _DEBUG /D _CONSOLE /D _UNICODE /D UNICODE /Gm /EHsc /RTC1 /MDd /GS /fp:precise /Zc:wchar_t /Zc:forScope /Fo"Debug\\" /Fd"Debug\vc100.pdb" /Gd /TC /analyze- /errorReport:prompt 78.c
         78.c
     1>c:\users\渣子\documents\visual studio 2010\projects\78\78\78.c(17): warning C4996: 'fopen': This function or variable may be unsafe. Consider using fopen_s instead. To disable deprecation, use _CRT_SECURE_NO_WARNINGS. See online help for details.
                 c:\program files (x86)\microsoft visual studio 10.0\vc\include\stdio.h(234) : 参见“fopen”的声明
     1>c:\users\渣子\documents\visual studio 2010\projects\78\78\78.c(27): warning C4996: 'fopen': This function or variable may be unsafe. Consider using fopen_s instead. To disable deprecation, use _CRT_SECURE_NO_WARNINGS. See online help for details.
                 c:\program files (x86)\microsoft visual studio 10.0\vc\include\stdio.h(234) : 参见“fopen”的声明
       ManifestResourceCompile:
         所有输出均为最新。
       Link:
         C:\Program Files (x86)\Microsoft Visual Studio 10.0\VC\bin\link.exe /ERRORREPORT:PROMPT /OUT:"C:\Users\渣子\Documents\Visual Studio 2010\Projects\78\Debug\78.exe" /INCREMENTAL /NOLOGO kernel32.lib user32.lib gdi32.lib winspool.lib comdlg32.lib advapi32.lib shell32.lib ole32.lib oleaut32.lib uuid.lib odbc32.lib odbccp32.lib /MANIFEST /ManifestFile:"Debug\78.exe.intermediate.manifest" /MANIFESTUAC:"level='asInvoker' uiAccess='false'" /DEBUG /PDB:"C:\Users\渣子\Documents\Visual Studio 2010\Projects\78\Debug\78.pdb" /SUBSYSTEM:CONSOLE /TLBID:1 /DYNAMICBASE /NXCOMPAT /IMPLIB:"C:\Users\渣子\Documents\Visual Studio 2010\Projects\78\Debug\78.lib" /MACHINE:X86 Debug\78.exe.embed.manifest.res
         Debug\78.obj
       Manifest:
         C:\Program Files (x86)\Microsoft SDKs\Windows\v7.0A\bin\mt.exe /nologo /verbose /out:"Debug\78.exe.embed.manifest" /manifest Debug\78.exe.intermediate.manifest
         所有输出均为最新。
       LinkEmbedManifest:
         所有输出均为最新。
         78.vcxproj -> C:\Users\渣子\Documents\Visual Studio 2010\Projects\78\Debug\78.exe
       FinalizeBuildStatus:
         正在删除文件“Debug\78.unsuccessfulbuild”。
         正在对“Debug\78.lastbuildstate”执行 Touch 任务。
     1>已完成生成项目“C:\Users\渣子\Documents\Visual Studio 2010\Projects\78\78\78.vcxproj”(build 个目标)的操作。

生成成功。

已用时间 00:00:01.95
