生成启动时间为 2018/11/29 0:29:18。
     1>项目“C:\Users\渣子\Documents\Visual Studio 2010\Projects\37\37\37.vcxproj”在节点 2 上(build 个目标)。
     1>InitializeBuildStatus:
         正在创建“Debug\37.unsuccessfulbuild”，因为已指定“AlwaysCreate”。
       ClCompile:
         C:\Program Files (x86)\Microsoft Visual Studio 10.0\VC\bin\CL.exe /c /ZI /nologo /W3 /WX- /Od /Oy- /D _MBCS /Gm /EHsc /RTC1 /MDd /GS /fp:precise /Zc:wchar_t /Zc:forScope /Fo"Debug\\" /Fd"Debug\vc100.pdb" /Gd /TC /analyze- /errorReport:prompt 37.c
         37.c
     1>c:\users\渣子\documents\visual studio 2010\projects\37\37\37.c(9): warning C4996: 'gets': This function or variable may be unsafe. Consider using gets_s instead. To disable deprecation, use _CRT_SECURE_NO_WARNINGS. See online help for details.
                 c:\program files (x86)\microsoft visual studio 10.0\vc\include\stdio.h(277) : 参见“gets”的声明
       Link:
         C:\Program Files (x86)\Microsoft Visual Studio 10.0\VC\bin\link.exe /ERRORREPORT:PROMPT /OUT:"C:\Users\渣子\Documents\Visual Studio 2010\Projects\37\Debug\37.exe" /NOLOGO kernel32.lib user32.lib gdi32.lib winspool.lib comdlg32.lib advapi32.lib shell32.lib ole32.lib oleaut32.lib uuid.lib odbc32.lib odbccp32.lib /MANIFEST /ManifestFile:"Debug\37.exe.intermediate.manifest" /MANIFESTUAC:"level='asInvoker' uiAccess='false'" /DEBUG /PDB:"C:\Users\渣子\Documents\Visual Studio 2010\Projects\37\Debug\37.pdb" /SUBSYSTEM:CONSOLE /TLBID:1 /DYNAMICBASE /NXCOMPAT /IMPLIB:"C:\Users\渣子\Documents\Visual Studio 2010\Projects\37\Debug\37.lib" /MACHINE:X86 Debug\37.obj
         LINK : 没有找到 C:\Users\渣子\Documents\Visual Studio 2010\Projects\37\Debug\37.exe 或上一个增量链接没有生成它；正在执行完全链接
         37.vcxproj -> C:\Users\渣子\Documents\Visual Studio 2010\Projects\37\Debug\37.exe
       Manifest:
         C:\Program Files (x86)\Microsoft SDKs\Windows\v7.0A\bin\mt.exe /nologo /verbose /outputresource:"C:\Users\渣子\Documents\Visual Studio 2010\Projects\37\Debug\37.exe;#1" /manifest Debug\37.exe.intermediate.manifest
       FinalizeBuildStatus:
         正在删除文件“Debug\37.unsuccessfulbuild”。
         正在对“Debug\37.lastbuildstate”执行 Touch 任务。
     1>已完成生成项目“C:\Users\渣子\Documents\Visual Studio 2010\Projects\37\37\37.vcxproj”(build 个目标)的操作。

生成成功。

已用时间 00:00:01.03
