生成启动时间为 2018/12/8 21:41:40。
     1>项目“c:\Users\渣子\documents\visual studio 2010\Projects\51\51\51.vcxproj”在节点 2 上(build 个目标)。
     1>InitializeBuildStatus:
         正在创建“Debug\51.unsuccessfulbuild”，因为已指定“AlwaysCreate”。
       ClCompile:
         C:\Program Files (x86)\Microsoft Visual Studio 10.0\VC\bin\CL.exe /c /ZI /nologo /W3 /WX- /Od /Oy- /D _MBCS /Gm /EHsc /RTC1 /MDd /GS /fp:precise /Zc:wchar_t /Zc:forScope /Fo"Debug\\" /Fd"Debug\vc100.pdb" /Gd /TC /analyze- /errorReport:prompt 51.c
         51.c
     1>c:\users\渣子\documents\visual studio 2010\projects\51\51\51.c(7): warning C4244: “初始化”: 从“double”转换到“int”，可能丢失数据
       Link:
         C:\Program Files (x86)\Microsoft Visual Studio 10.0\VC\bin\link.exe /ERRORREPORT:PROMPT /OUT:"c:\users\渣子\documents\visual studio 2010\Projects\51\Debug\51.exe" /NOLOGO kernel32.lib user32.lib gdi32.lib winspool.lib comdlg32.lib advapi32.lib shell32.lib ole32.lib oleaut32.lib uuid.lib odbc32.lib odbccp32.lib /MANIFEST /ManifestFile:"Debug\51.exe.intermediate.manifest" /MANIFESTUAC:"level='asInvoker' uiAccess='false'" /DEBUG /PDB:"c:\users\渣子\documents\visual studio 2010\Projects\51\Debug\51.pdb" /SUBSYSTEM:CONSOLE /TLBID:1 /DYNAMICBASE /NXCOMPAT /IMPLIB:"c:\users\渣子\documents\visual studio 2010\Projects\51\Debug\51.lib" /MACHINE:X86 Debug\51.obj
         LINK : 没有找到 c:\users\渣子\documents\visual studio 2010\Projects\51\Debug\51.exe 或上一个增量链接没有生成它；正在执行完全链接
         51.vcxproj -> c:\users\渣子\documents\visual studio 2010\Projects\51\Debug\51.exe
       Manifest:
         C:\Program Files (x86)\Microsoft SDKs\Windows\v7.0A\bin\mt.exe /nologo /verbose /outputresource:"c:\users\渣子\documents\visual studio 2010\Projects\51\Debug\51.exe;#1" /manifest Debug\51.exe.intermediate.manifest
       FinalizeBuildStatus:
         正在删除文件“Debug\51.unsuccessfulbuild”。
         正在对“Debug\51.lastbuildstate”执行 Touch 任务。
     1>已完成生成项目“c:\Users\渣子\documents\visual studio 2010\Projects\51\51\51.vcxproj”(build 个目标)的操作。

生成成功。

已用时间 00:00:01.19
