生成启动时间为 2019/10/14 21:06:15。
     1>项目“E:\c_daima\第一个代码.c\第一个代码.c\第一个代码.c.vcxproj”在节点 2 上(build 个目标)。
     1>InitializeBuildStatus:
         正在创建“Debug\第一个代码.c.unsuccessfulbuild”，因为已指定“AlwaysCreate”。
       ClCompile:
         D:\VC2010\VC\bin\CL.exe /c /ZI /nologo /W3 /WX- /Od /Oy- /D WIN32 /D _DEBUG /D _CONSOLE /D _UNICODE /D UNICODE /Gm /EHsc /RTC1 /MDd /GS /fp:precise /Zc:wchar_t /Zc:forScope /Fo"Debug\\" /Fd"Debug\vc100.pdb" /Gd /TC /analyze- /errorReport:prompt 98.c
         98.c
     1>e:\c_daima\第一个代码.c\第一个代码.c\98.c(6): warning C4996: 'gets': This function or variable may be unsafe. Consider using gets_s instead. To disable deprecation, use _CRT_SECURE_NO_WARNINGS. See online help for details.
                 d:\vc2010\vc\include\stdio.h(277) : 参见“gets”的声明
       ManifestResourceCompile:
         所有输出均为最新。
       Link:
         D:\VC2010\VC\bin\link.exe /ERRORREPORT:PROMPT /OUT:"E:\c_daima\第一个代码.c\Debug\第一个代码.c.exe" /INCREMENTAL /NOLOGO kernel32.lib user32.lib gdi32.lib winspool.lib comdlg32.lib advapi32.lib shell32.lib ole32.lib oleaut32.lib uuid.lib odbc32.lib odbccp32.lib /MANIFEST /ManifestFile:"Debug\第一个代码.c.exe.intermediate.manifest" /MANIFESTUAC:"level='asInvoker' uiAccess='false'" /DEBUG /PDB:"E:\c_daima\第一个代码.c\Debug\第一个代码.c.pdb" /SUBSYSTEM:CONSOLE /TLBID:1 /DYNAMICBASE /NXCOMPAT /IMPLIB:"E:\c_daima\第一个代码.c\Debug\第一个代码.c.lib" /MACHINE:X86 "Debug\第一个代码.c.exe.embed.manifest.res"
         Debug\98.obj
       Manifest:
         C:\Program Files (x86)\Microsoft SDKs\Windows\v7.0A\bin\mt.exe /nologo /verbose /out:"Debug\第一个代码.c.exe.embed.manifest" /manifest "Debug\第一个代码.c.exe.intermediate.manifest"
         所有输出均为最新。
       LinkEmbedManifest:
         所有输出均为最新。
         第一个代码.c.vcxproj -> E:\c_daima\第一个代码.c\Debug\第一个代码.c.exe
       FinalizeBuildStatus:
         正在删除文件“Debug\第一个代码.c.unsuccessfulbuild”。
         正在对“Debug\第一个代码.c.lastbuildstate”执行 Touch 任务。
     1>已完成生成项目“E:\c_daima\第一个代码.c\第一个代码.c\第一个代码.c.vcxproj”(build 个目标)的操作。

生成成功。

已用时间 00:00:00.68
