生成启动时间为 2020/2/28 21:12:27。
     1>项目“E:\c_tent\c_daima\计算三个值中的最大值\计算三个值中的最大值\计算三个值中的最大值.vcxproj”在节点 2 上(build 个目标)。
     1>InitializeBuildStatus:
         正在创建“Debug\计算三个值中的最大值.unsuccessfulbuild”，因为已指定“AlwaysCreate”。
       ClCompile:
         D:\VC2010\VC\bin\CL.exe /c /ZI /nologo /W3 /WX- /Od /Oy- /D WIN32 /D _DEBUG /D _CONSOLE /D _UNICODE /D UNICODE /Gm /EHsc /RTC1 /MDd /GS /fp:precise /Zc:wchar_t /Zc:forScope /Fo"Debug\\" /Fd"Debug\vc100.pdb" /Gd /TC /analyze- /errorReport:prompt "计算最大值.c"
         计算最大值.c
     1>e:\c_tent\c_daima\计算三个值中的最大值\计算三个值中的最大值\计算最大值.c(8): warning C4996: 'scanf': This function or variable may be unsafe. Consider using scanf_s instead. To disable deprecation, use _CRT_SECURE_NO_WARNINGS. See online help for details.
                 d:\vc2010\vc\include\stdio.h(304) : 参见“scanf”的声明
       ManifestResourceCompile:
         所有输出均为最新。
       Link:
         D:\VC2010\VC\bin\link.exe /ERRORREPORT:PROMPT /OUT:"E:\c_tent\c_daima\计算三个值中的最大值\Debug\计算三个值中的最大值.exe" /INCREMENTAL /NOLOGO kernel32.lib user32.lib gdi32.lib winspool.lib comdlg32.lib advapi32.lib shell32.lib ole32.lib oleaut32.lib uuid.lib odbc32.lib odbccp32.lib /MANIFEST /ManifestFile:"Debug\计算三个值中的最大值.exe.intermediate.manifest" /MANIFESTUAC:"level='asInvoker' uiAccess='false'" /DEBUG /PDB:"E:\c_tent\c_daima\计算三个值中的最大值\Debug\计算三个值中的最大值.pdb" /SUBSYSTEM:CONSOLE /TLBID:1 /DYNAMICBASE /NXCOMPAT /IMPLIB:"E:\c_tent\c_daima\计算三个值中的最大值\Debug\计算三个值中的最大值.lib" /MACHINE:X86 "Debug\计算三个值中的最大值.exe.embed.manifest.res"
         "Debug\计算最大值.obj"
       Manifest:
         C:\Program Files (x86)\Microsoft SDKs\Windows\v7.0A\bin\mt.exe /nologo /verbose /out:"Debug\计算三个值中的最大值.exe.embed.manifest" /manifest "Debug\计算三个值中的最大值.exe.intermediate.manifest"
         所有输出均为最新。
       LinkEmbedManifest:
         所有输出均为最新。
         计算三个值中的最大值.vcxproj -> E:\c_tent\c_daima\计算三个值中的最大值\Debug\计算三个值中的最大值.exe
       FinalizeBuildStatus:
         正在删除文件“Debug\计算三个值中的最大值.unsuccessfulbuild”。
         正在对“Debug\计算三个值中的最大值.lastbuildstate”执行 Touch 任务。
     1>已完成生成项目“E:\c_tent\c_daima\计算三个值中的最大值\计算三个值中的最大值\计算三个值中的最大值.vcxproj”(build 个目标)的操作。

生成成功。

已用时间 00:00:02.00
