生成启动时间为 2018/11/13 23:35:44。
     1>项目“c:\Users\渣子\documents\visual studio 2010\Projects\10\10\10.vcxproj”在节点 2 上(build 个目标)。
     1>InitializeBuildStatus:
         正在创建“Debug\10.unsuccessfulbuild”，因为已指定“AlwaysCreate”。
       ClCompile:
         C:\Program Files (x86)\Microsoft Visual Studio 10.0\VC\bin\CL.exe /c /ZI /nologo /W3 /WX- /Od /Oy- /D _MBCS /Gm /EHsc /RTC1 /MDd /GS /fp:precise /Zc:wchar_t /Zc:forScope /Fo"Debug\\" /Fd"Debug\vc100.pdb" /Gd /TC /analyze- /errorReport:prompt 10.c
         10.c
     1>c:\users\渣子\documents\visual studio 2010\projects\10\10\10.c(11): warning C4996: 'gets': This function or variable may be unsafe. Consider using gets_s instead. To disable deprecation, use _CRT_SECURE_NO_WARNINGS. See online help for details.
                 c:\program files (x86)\microsoft visual studio 10.0\vc\include\stdio.h(277) : 参见“gets”的声明
     1>c:\users\渣子\documents\visual studio 2010\projects\10\10\10.c(19): warning C4996: 'strcpy': This function or variable may be unsafe. Consider using strcpy_s instead. To disable deprecation, use _CRT_SECURE_NO_WARNINGS. See online help for details.
                 c:\program files (x86)\microsoft visual studio 10.0\vc\include\string.h(105) : 参见“strcpy”的声明
     1>c:\users\渣子\documents\visual studio 2010\projects\10\10\10.c(20): warning C4996: 'strcpy': This function or variable may be unsafe. Consider using strcpy_s instead. To disable deprecation, use _CRT_SECURE_NO_WARNINGS. See online help for details.
                 c:\program files (x86)\microsoft visual studio 10.0\vc\include\string.h(105) : 参见“strcpy”的声明
     1>c:\users\渣子\documents\visual studio 2010\projects\10\10\10.c(21): warning C4996: 'strcpy': This function or variable may be unsafe. Consider using strcpy_s instead. To disable deprecation, use _CRT_SECURE_NO_WARNINGS. See online help for details.
                 c:\program files (x86)\microsoft visual studio 10.0\vc\include\string.h(105) : 参见“strcpy”的声明
       Link:
         C:\Program Files (x86)\Microsoft Visual Studio 10.0\VC\bin\link.exe /ERRORREPORT:PROMPT /OUT:"c:\users\渣子\documents\visual studio 2010\Projects\10\Debug\10.exe" /NOLOGO kernel32.lib user32.lib gdi32.lib winspool.lib comdlg32.lib advapi32.lib shell32.lib ole32.lib oleaut32.lib uuid.lib odbc32.lib odbccp32.lib /MANIFEST /ManifestFile:"Debug\10.exe.intermediate.manifest" /MANIFESTUAC:"level='asInvoker' uiAccess='false'" /DEBUG /PDB:"c:\users\渣子\documents\visual studio 2010\Projects\10\Debug\10.pdb" /SUBSYSTEM:CONSOLE /TLBID:1 /DYNAMICBASE /NXCOMPAT /IMPLIB:"c:\users\渣子\documents\visual studio 2010\Projects\10\Debug\10.lib" /MACHINE:X86 Debug\10.obj
         LINK : 没有找到 c:\users\渣子\documents\visual studio 2010\Projects\10\Debug\10.exe 或上一个增量链接没有生成它；正在执行完全链接
         10.vcxproj -> c:\users\渣子\documents\visual studio 2010\Projects\10\Debug\10.exe
       Manifest:
         C:\Program Files (x86)\Microsoft SDKs\Windows\v7.0A\bin\mt.exe /nologo /verbose /outputresource:"c:\users\渣子\documents\visual studio 2010\Projects\10\Debug\10.exe;#1" /manifest Debug\10.exe.intermediate.manifest
       FinalizeBuildStatus:
         正在删除文件“Debug\10.unsuccessfulbuild”。
         正在对“Debug\10.lastbuildstate”执行 Touch 任务。
     1>已完成生成项目“c:\Users\渣子\documents\visual studio 2010\Projects\10\10\10.vcxproj”(build 个目标)的操作。

生成成功。

已用时间 00:00:00.90
