生成启动时间为 2019/10/13 14:06:24。
     1>项目“E:\c_daima\输入输出\输入输出\输入输出.vcxproj”在节点 2 上(build 个目标)。
     1>InitializeBuildStatus:
         正在创建“Debug\输入输出.unsuccessfulbuild”，因为已指定“AlwaysCreate”。
       ClCompile:
         D:\VC2010\VC\bin\CL.exe /c /ZI /nologo /W3 /WX- /Od /Oy- /D WIN32 /D _DEBUG /D _CONSOLE /D _UNICODE /D UNICODE /Gm /EHsc /RTC1 /MDd /GS /fp:precise /Zc:wchar_t /Zc:forScope /Fo"Debug\\" /Fd"Debug\vc100.pdb" /Gd /TC /analyze- /errorReport:prompt input_output.c
         input_output.c
     1>e:\c_daima\输入输出\输入输出\input_output.c(7): warning C4996: 'scanf': This function or variable may be unsafe. Consider using scanf_s instead. To disable deprecation, use _CRT_SECURE_NO_WARNINGS. See online help for details.
                 d:\vc2010\vc\include\stdio.h(304) : 参见“scanf”的声明
       ManifestResourceCompile:
         所有输出均为最新。
       Link:
         D:\VC2010\VC\bin\link.exe /ERRORREPORT:PROMPT /OUT:"E:\c_daima\输入输出\Debug\输入输出.exe" /INCREMENTAL /NOLOGO kernel32.lib user32.lib gdi32.lib winspool.lib comdlg32.lib advapi32.lib shell32.lib ole32.lib oleaut32.lib uuid.lib odbc32.lib odbccp32.lib /MANIFEST /ManifestFile:"Debug\输入输出.exe.intermediate.manifest" /MANIFESTUAC:"level='asInvoker' uiAccess='false'" /DEBUG /PDB:"E:\c_daima\输入输出\Debug\输入输出.pdb" /SUBSYSTEM:CONSOLE /TLBID:1 /DYNAMICBASE /NXCOMPAT /IMPLIB:"E:\c_daima\输入输出\Debug\输入输出.lib" /MACHINE:X86 "Debug\输入输出.exe.embed.manifest.res"
         Debug\input_output.obj
       Manifest:
         C:\Program Files (x86)\Microsoft SDKs\Windows\v7.0A\bin\mt.exe /nologo /verbose /out:"Debug\输入输出.exe.embed.manifest" /manifest "Debug\输入输出.exe.intermediate.manifest"
         所有输出均为最新。
       LinkEmbedManifest:
         所有输出均为最新。
         输入输出.vcxproj -> E:\c_daima\输入输出\Debug\输入输出.exe
       FinalizeBuildStatus:
         正在删除文件“Debug\输入输出.unsuccessfulbuild”。
         正在对“Debug\输入输出.lastbuildstate”执行 Touch 任务。
     1>已完成生成项目“E:\c_daima\输入输出\输入输出\输入输出.vcxproj”(build 个目标)的操作。

生成成功。

已用时间 00:00:01.33
