生成启动时间为 2018/12/12 12:45:39。
     1>项目“C:\Users\渣子\Documents\Visual Studio 2010\Projects\53\53\53.vcxproj”在节点 2 上(build 个目标)。
     1>InitializeBuildStatus:
         正在创建“Debug\53.unsuccessfulbuild”，因为已指定“AlwaysCreate”。
       ClCompile:
         C:\Program Files (x86)\Microsoft Visual Studio 10.0\VC\bin\CL.exe /c /ZI /nologo /W3 /WX- /Od /Oy- /D _MBCS /Gm /EHsc /RTC1 /MDd /GS /fp:precise /Zc:wchar_t /Zc:forScope /Fo"Debug\\" /Fd"Debug\vc100.pdb" /Gd /TC /analyze- /errorReport:prompt 53.c
         53.c
     1>c:\users\渣子\documents\visual studio 2010\projects\53\53\53.c(19): warning C4996: 'scanf': This function or variable may be unsafe. Consider using scanf_s instead. To disable deprecation, use _CRT_SECURE_NO_WARNINGS. See online help for details.
                 c:\program files (x86)\microsoft visual studio 10.0\vc\include\stdio.h(304) : 参见“scanf”的声明
     1>c:\users\渣子\documents\visual studio 2010\projects\53\53\53.c(26): warning C4996: 'scanf': This function or variable may be unsafe. Consider using scanf_s instead. To disable deprecation, use _CRT_SECURE_NO_WARNINGS. See online help for details.
                 c:\program files (x86)\microsoft visual studio 10.0\vc\include\stdio.h(304) : 参见“scanf”的声明
     1>c:\users\渣子\documents\visual studio 2010\projects\53\53\53.c(31): warning C4996: 'scanf': This function or variable may be unsafe. Consider using scanf_s instead. To disable deprecation, use _CRT_SECURE_NO_WARNINGS. See online help for details.
                 c:\program files (x86)\microsoft visual studio 10.0\vc\include\stdio.h(304) : 参见“scanf”的声明
     1>c:\users\渣子\documents\visual studio 2010\projects\53\53\53.c(43): warning C4013: “list”未定义；假设外部返回 int
       Link:
         C:\Program Files (x86)\Microsoft Visual Studio 10.0\VC\bin\link.exe /ERRORREPORT:PROMPT /OUT:"C:\Users\渣子\Documents\Visual Studio 2010\Projects\53\Debug\53.exe" /NOLOGO kernel32.lib user32.lib gdi32.lib winspool.lib comdlg32.lib advapi32.lib shell32.lib ole32.lib oleaut32.lib uuid.lib odbc32.lib odbccp32.lib /MANIFEST /ManifestFile:"Debug\53.exe.intermediate.manifest" /MANIFESTUAC:"level='asInvoker' uiAccess='false'" /DEBUG /PDB:"C:\Users\渣子\Documents\Visual Studio 2010\Projects\53\Debug\53.pdb" /SUBSYSTEM:CONSOLE /TLBID:1 /DYNAMICBASE /NXCOMPAT /IMPLIB:"C:\Users\渣子\Documents\Visual Studio 2010\Projects\53\Debug\53.lib" /MACHINE:X86 Debug\53.obj
         LINK : 没有找到 C:\Users\渣子\Documents\Visual Studio 2010\Projects\53\Debug\53.exe 或上一个增量链接没有生成它；正在执行完全链接
     1>53.obj : error LNK2019: 无法解析的外部符号 _list，该符号在函数 _main 中被引用
     1>C:\Users\渣子\Documents\Visual Studio 2010\Projects\53\Debug\53.exe : fatal error LNK1120: 1 个无法解析的外部命令
     1>已完成生成项目“C:\Users\渣子\Documents\Visual Studio 2010\Projects\53\53\53.vcxproj”(build 个目标)的操作 - 失败。

生成失败。

已用时间 00:00:00.74
