生成启动时间为 2019/6/10 20:12:55。
     1>项目“E:\我的C语言\28\28\28.vcxproj”在节点 2 上(build 个目标)。
     1>InitializeBuildStatus:
         正在创建“Debug\28.unsuccessfulbuild”，因为已指定“AlwaysCreate”。
       ClCompile:
         C:\Program Files (x86)\Microsoft Visual Studio 10.0\VC\bin\CL.exe /c /ZI /nologo /W3 /WX- /Od /Oy- /D _MBCS /Gm /EHsc /RTC1 /MDd /GS /fp:precise /Zc:wchar_t /Zc:forScope /Fo"Debug\\" /Fd"Debug\vc100.pdb" /Gd /TC /analyze- /errorReport:prompt 28.c
         28.c
     1>e:\我的c语言\28\28\28.c(5): warning C4101: “i”: 未引用的局部变量
       Link:
         C:\Program Files (x86)\Microsoft Visual Studio 10.0\VC\bin\link.exe /ERRORREPORT:PROMPT /OUT:"E:\我的C语言\28\Debug\28.exe" /NOLOGO kernel32.lib user32.lib gdi32.lib winspool.lib comdlg32.lib advapi32.lib shell32.lib ole32.lib oleaut32.lib uuid.lib odbc32.lib odbccp32.lib /MANIFEST /ManifestFile:"Debug\28.exe.intermediate.manifest" /MANIFESTUAC:"level='asInvoker' uiAccess='false'" /DEBUG /PDB:"E:\我的C语言\28\Debug\28.pdb" /SUBSYSTEM:CONSOLE /TLBID:1 /DYNAMICBASE /NXCOMPAT /IMPLIB:"E:\我的C语言\28\Debug\28.lib" /MACHINE:X86 Debug\28.obj
         LINK : 没有找到 E:\我的C语言\28\Debug\28.exe 或上一个增量链接没有生成它；正在执行完全链接
         28.vcxproj -> E:\我的C语言\28\Debug\28.exe
       Manifest:
         C:\Program Files (x86)\Microsoft SDKs\Windows\v7.0A\bin\mt.exe /nologo /verbose /outputresource:"E:\我的C语言\28\Debug\28.exe;#1" /manifest Debug\28.exe.intermediate.manifest
       FinalizeBuildStatus:
         正在删除文件“Debug\28.unsuccessfulbuild”。
         正在对“Debug\28.lastbuildstate”执行 Touch 任务。
     1>已完成生成项目“E:\我的C语言\28\28\28.vcxproj”(build 个目标)的操作。

生成成功。

已用时间 00:00:01.69
