生成启动时间为 2020/3/26 13:30:42。
     1>项目“E:\c_tent\c_daima\cesi\cesi\cesi.vcxproj”在节点 2 上(build 个目标)。
     1>InitializeBuildStatus:
         正在创建“Debug\cesi.unsuccessfulbuild”，因为已指定“AlwaysCreate”。
       ClCompile:
         D:\VC2010\VC\bin\CL.exe /c /ZI /nologo /W3 /WX- /Od /Oy- /D WIN32 /D _DEBUG /D _CONSOLE /D _UNICODE /D UNICODE /Gm /EHsc /RTC1 /MDd /GS /fp:precise /Zc:wchar_t /Zc:forScope /Fo"Debug\\" /Fd"Debug\vc100.pdb" /Gd /TC /analyze- /errorReport:prompt ceshi.c
         ceshi.c
       ManifestResourceCompile:
         所有输出均为最新。
       Link:
         D:\VC2010\VC\bin\link.exe /ERRORREPORT:PROMPT /OUT:"E:\c_tent\c_daima\cesi\Debug\cesi.exe" /INCREMENTAL /NOLOGO kernel32.lib user32.lib gdi32.lib winspool.lib comdlg32.lib advapi32.lib shell32.lib ole32.lib oleaut32.lib uuid.lib odbc32.lib odbccp32.lib /MANIFEST /ManifestFile:"Debug\cesi.exe.intermediate.manifest" /MANIFESTUAC:"level='asInvoker' uiAccess='false'" /DEBUG /PDB:"E:\c_tent\c_daima\cesi\Debug\cesi.pdb" /SUBSYSTEM:CONSOLE /TLBID:1 /DYNAMICBASE /NXCOMPAT /IMPLIB:"E:\c_tent\c_daima\cesi\Debug\cesi.lib" /MACHINE:X86 Debug\cesi.exe.embed.manifest.res
         Debug\ceshi.obj
       Manifest:
         C:\Program Files (x86)\Microsoft SDKs\Windows\v7.0A\bin\mt.exe /nologo /verbose /out:"Debug\cesi.exe.embed.manifest" /manifest Debug\cesi.exe.intermediate.manifest
         所有输出均为最新。
       LinkEmbedManifest:
         所有输出均为最新。
         cesi.vcxproj -> E:\c_tent\c_daima\cesi\Debug\cesi.exe
       FinalizeBuildStatus:
         正在删除文件“Debug\cesi.unsuccessfulbuild”。
         正在对“Debug\cesi.lastbuildstate”执行 Touch 任务。
     1>已完成生成项目“E:\c_tent\c_daima\cesi\cesi\cesi.vcxproj”(build 个目标)的操作。

生成成功。

已用时间 00:00:00.67
