生成启动时间为 2018/10/16 19:14:01。
     1>项目“c:\Users\渣子\documents\visual studio 2010\Projects\34678\34678\34678.vcxproj”在节点 2 上(build 个目标)。
     1>PrepareForBuild:
         正在创建目录“c:\users\渣子\documents\visual studio 2010\Projects\34678\Debug\”。
       InitializeBuildStatus:
         正在创建“Debug\34678.unsuccessfulbuild”，因为已指定“AlwaysCreate”。
       ClCompile:
         C:\Program Files (x86)\Microsoft Visual Studio 10.0\VC\bin\CL.exe /c /ZI /nologo /W3 /WX- /Od /Oy- /D _MBCS /Gm /EHsc /RTC1 /MDd /GS /fp:precise /Zc:wchar_t /Zc:forScope /Fo"Debug\\" /Fd"Debug\vc100.pdb" /Gd /TC /analyze- /errorReport:prompt "The one.c"
         The one.c
     1>c:\users\渣子\documents\visual studio 2010\projects\34678\34678\the one.c(11): warning C4700: 使用了未初始化的局部变量“s”
       Link:
         C:\Program Files (x86)\Microsoft Visual Studio 10.0\VC\bin\link.exe /ERRORREPORT:PROMPT /OUT:"c:\users\渣子\documents\visual studio 2010\Projects\34678\Debug\34678.exe" /NOLOGO kernel32.lib user32.lib gdi32.lib winspool.lib comdlg32.lib advapi32.lib shell32.lib ole32.lib oleaut32.lib uuid.lib odbc32.lib odbccp32.lib /MANIFEST /ManifestFile:"Debug\34678.exe.intermediate.manifest" /MANIFESTUAC:"level='asInvoker' uiAccess='false'" /DEBUG /PDB:"c:\users\渣子\documents\visual studio 2010\Projects\34678\Debug\34678.pdb" /TLBID:1 /DYNAMICBASE /NXCOMPAT /IMPLIB:"c:\users\渣子\documents\visual studio 2010\Projects\34678\Debug\34678.lib" /MACHINE:X86 "Debug\The one.obj"
         34678.vcxproj -> c:\users\渣子\documents\visual studio 2010\Projects\34678\Debug\34678.exe
       Manifest:
         C:\Program Files (x86)\Microsoft SDKs\Windows\v7.0A\bin\mt.exe /nologo /verbose /outputresource:"c:\users\渣子\documents\visual studio 2010\Projects\34678\Debug\34678.exe;#1" /manifest Debug\34678.exe.intermediate.manifest
       FinalizeBuildStatus:
         正在删除文件“Debug\34678.unsuccessfulbuild”。
         正在对“Debug\34678.lastbuildstate”执行 Touch 任务。
     1>已完成生成项目“c:\Users\渣子\documents\visual studio 2010\Projects\34678\34678\34678.vcxproj”(build 个目标)的操作。

生成成功。

已用时间 00:00:01.06
